ACPAGE		EQU 0FAF6H
AMPLTX		EQU 0000CH
ARG		EQU 0F847H
ARG_		EQU 0F56FH
ARYTA2		EQU 0F7B5H
ARYTAB		EQU 0F6C4H
ASPCT1		EQU 0F40BH
ASPCT2		EQU 0F40DH
ASPECT		EQU 0F931H
ATRBAS		EQU 0F928H
ATRBYT		EQU 0F3F2H
AUTFLG		EQU 0F6AAH
AUTINC		EQU 0F6ADH
AUTLIN		EQU 0F6ABH
AVCSAV		EQU 0FAF7H
BAKCLR		EQU 0F3EAH
BASROM		EQU 0FBB1H
BDOS_ENTRY	EQU 0F37DH
BDRCLR		EQU 0F3EBH
BOTTOM		EQU 0FC48H
BRDATR		EQU 0FCB2H
BUF		EQU 0F55EH
BUFMIN		EQU 0F55DH
CAPST		EQU 0FCABH
CASPRV		EQU 0FCB1H
CDUMMY		EQU 0F56EH
CENCNT		EQU 0F933H
CGPBAS		EQU 0F924H
CGPNT		EQU 0F91FH
CHRCNT		EQU 0FAF9H
CLIKFL		EQU 0FBD9H
CLIKSW		EQU 0F3DBH
CLINEF		EQU 0F935H
CLMLST		EQU 0F3B2H
CLOC		EQU 0F92AH
CMASK		EQU 0F92CH
CNPNTS		EQU 0F936H
CNSDFG		EQU 0F3DEH
CONLO		EQU 0F66AH
CONSAV		EQU 0F668H
CONTXT		EQU 0F666H
CONTYP		EQU 0F669H
CPCNT		EQU 0F939H
CPCNT8		EQU 0F93BH
CPLOTF		EQU 0F938H
CRCSUM		EQU 0F93DH
CRTCNT		EQU 0F3B1H
CS120		EQU 0F3FCH
CS240		EQU 0F401H
CSAVEA		EQU 0F942H
CSAVEM		EQU 0F944H
CSCLXY		EQU 0F941H
CSRSW		EQU 0FCA9H
CSRX		EQU 0F3DDH
CSRY		EQU 0F3DCH
CSTCNT		EQU 0F93FH
CSTYLE		EQU 0FCAAH
CURLIN		EQU 0F41CH
CURSAV		EQU 0FBCCH
CXOFF		EQU 0F945H
CYOFF		EQU 0F947H
DAC		EQU 0F7F6H
DATLIN		EQU 0F6A3H
DATPTR		EQU 0F6C8H
DBG_CTRL	EQU 0002EH
DBG_DATA	EQU 0002FH
DECCNT		EQU 0F7F4H
DECTM2		EQU 0F7F2H
DECTMP		EQU 0F7F0H
DEFTBL		EQU 0F6CAH
DEVICE		EQU 0FD99H
DIMFLG		EQU 0F662H
DONUM		EQU 0F665H
DORES		EQU 0F664H
DOT		EQU 0F6B5H
DPPAGE		EQU 0FAF5H
DRVINF		EQU 0FB21H
DRWANG		EQU 0FCBDH
DRWFLG		EQU 0FCBBH
DSCTMP		EQU 0F698H
DTA_ADDR	EQU 0F23DH
DX		EQU 0F566H
DY		EQU 0F568H
ENDBUF		EQU 0F660H
ENDFOR		EQU 0F6A1H
ENDPRG		EQU 0F40FH
ENSTOP		EQU 0FBB0H
ENVLPX		EQU 00013H
ENVPRX		EQU 0000DH
ERRFLG		EQU 0F414H
ERRLIN		EQU 0F6B3H
ERRTXT		EQU 0F6B7H
ESCCNT		EQU 0FCA7H
EXBRSA		EQU 0FAF8H
EXPTBL		EQU 0FCC1H
FBUFFR		EQU 0F7C5H
FILNAM		EQU 0F866H
FILNM2		EQU 0F871H
FILTAB		EQU 0F860H
FLBMEM		EQU 0FCAEH
FLKINP		EQU 0F6A6H
FNKFLG		EQU 0FBCEH
FNKSTR		EQU 0F87FH
FNKSWI		EQU 0FBCDH
FORCLR		EQU 0F3E9H
FRCNEW		EQU 0F3F5H
FRETOP		EQU 0F69BH
FSTPOS		EQU 0FBCAH
FUNACT		EQU 0F7BAH
GETPNT		EQU 0F3FAH
GIO_REGS	EQU 000AAH
GRPACX		EQU 0FCB7H
GRPACY		EQU 0FCB9H
GRPATR		EQU 0F3CDH
GRPCGP		EQU 0F3CBH
GRPCOL		EQU 0F3C9H
GRPHED		EQU 0FCA6H
GRPNAM		EQU 0F3C7H
GRPPAT		EQU 0F3CFH
GXPOS		EQU 0FCB3H
GYPOS		EQU 0FCB5H
G_LOF		EQU 0FE9EH
HEADER		EQU 0F40AH
HIGH_		EQU 0F408H
HIMEM		EQU 0FC4AH
HOLD		EQU 0F83EH
HOLD2		EQU 0F836H
HOLD8		EQU 0F806H
H_ATTR		EQU 0FE1CH
H_BAKU		EQU 0FEADH
H_BDOS		EQU 0F331H
H_BEXT		EQU 0FFCAH
H_BINL		EQU 0FE76H
H_BINS		EQU 0FE71H
H_BUFL		EQU 0FF8EH
H_CHGE		EQU 0FDC2H
H_CHPU		EQU 0FDA4H
H_CHRG		EQU 0FF48H
H_CLEA		EQU 0FED0H
H_CMD		EQU 0FE0DH
H_COMP		EQU 0FF57H
H_COPY		EQU 0FE08H
H_CRDO		EQU 0FEE9H
H_CRUN		EQU 0FF20H
H_CRUS		EQU 0FF25H
H_CVD		EQU 0FE49H
H_CVI		EQU 0FE3FH
H_CVS		EQU 0FE44H
H_DEVN		EQU 0FEC1H
H_DGET		EQU 0FE80H
H_DIRD		EQU 0FF11H
H_DSKC		EQU 0FEEEH
H_DSKF		EQU 0FE12H
H_DSKI		EQU 0FE17H
H_DSKO		EQU 0FDEFH
H_DSPC		EQU 0FDA9H
H_DSPF		EQU 0FDB3H
H_EOF		EQU 0FEA3H
H_ERAC		EQU 0FDAEH
H_ERAF		EQU 0FDB8H
H_ERRF		EQU 0FF02H
H_ERRO		EQU 0FFB1H
H_ERRP		EQU 0FEFDH
H_EVAL		EQU 0FF70H
H_FIEL		EQU 0FE2BH
H_FILE		EQU 0FE7BH
H_FILO		EQU 0FE85H
H_FINE		EQU 0FF1BH
H_FING		EQU 0FF7AH
H_FINI		EQU 0FF16H
H_FINP		EQU 0FF5CH
H_FORM		EQU 0FFACH
H_FPOS		EQU 0FEA8H
H_FRET		EQU 0FF9DH
H_FRME		EQU 0FF66H
H_FRQI		EQU 0FF93H
H_GEND		EQU 0FEC6H
H_GETP		EQU 0FE4EH
H_GONE		EQU 0FF43H
H_INDS		EQU 0FE8AH
H_INIP		EQU 0FDC7H
H_INLI		EQU 0FDE5H
H_IPL		EQU 0FE03H
H_ISFL		EQU 0FEDFH
H_ISMI		EQU 0FF7FH
H_ISRE		EQU 0FF2AH
H_KEYC		EQU 0FDCCH
H_KEYI		EQU 0FD9AH
H_KILL		EQU 0FDFEH
H_KYEA		EQU 0FDD1H
H_LIST		EQU 0FF89H
H_LOC		EQU 0FE99H
H_LOPD		EQU 0FED5H
H_LPTO		EQU 0FFB6H
H_LPTS		EQU 0FFBBH
H_LSET		EQU 0FE21H
H_MAIN		EQU 0FF0CH
H_MERG		EQU 0FE67H
H_MKDS		EQU 0FE3AH
H_MKIS		EQU 0FE30H
H_MKSS		EQU 0FE35H
H_NAME		EQU 0FDF9H
H_NEWS		EQU 0FF3EH
H_NMI		EQU 0FDD6H
H_NODE		EQU 0FEB7H
H_NOFO		EQU 0FE58H
H_NOTR		EQU 0FF34H
H_NTFL		EQU 0FE62H
H_NTFN		EQU 0FF2FH
H_NTPL		EQU 0FF6BH
H_NULO		EQU 0FE5DH
H_OKNO		EQU 0FF75H
H_ONGO		EQU 0FDEAH
H_OUTD		EQU 0FEE4H
H_PARD		EQU 0FEB2H
H_PHYD		EQU 0FFA7H
H_PINL		EQU 0FDDBH
H_PLAY		EQU 0FFC5H
H_POSD		EQU 0FEBCH
H_PRGE		EQU 0FEF8H
H_PRTF		EQU 0FF52H
H_PTRG		EQU 0FFA2H
H_QINL		EQU 0FDE0H
H_READ		EQU 0FF07H
H_RETU		EQU 0FF4DH
H_RSET		EQU 0FE26H
H_RSLF		EQU 0FE8FH
H_RUNC		EQU 0FECBH
H_SAVD		EQU 0FE94H
H_SAVE		EQU 0FE6CH
H_SCNE		EQU 0FF98H
H_SCRE		EQU 0FFC0H
H_SETF		EQU 0FE53H
H_SETS		EQU 0FDF4H
H_SNGF		EQU 0FF39H
H_STKE		EQU 0FEDAH
H_TIMI		EQU 0FD9FH
H_TOTE		EQU 0FDBDH
H_TRMN		EQU 0FF61H
H_WIDT		EQU 0FF84H
INSFLG		EQU 0FCA8H
INTCNT		EQU 0FCA2H
INTFLG		EQU 0FC9BH
INTVAL		EQU 0FCA0H
JIFFY		EQU 0FC9EH
KANAMD		EQU 0FCADH
KANAST		EQU 0FCACH
KBD_STAT	EQU 000A9H
KBFMIN		EQU 0F41EH
KBUF		EQU 0F41FH
KEYBUF		EQU 0FBF0H
LFPROG		EQU 0F954H
LIMPNT		EQU 0FC17H
LINL32		EQU 0F3AFH
LINL40		EQU 0F3AEH
LINLEN		EQU 0F3B0H
LINTTB		EQU 0FBB2H
LINWRK		EQU 0FC18H
LOCAL_BASIC_JP	EQU 00000H
LOCAL_BASIC_US	EQU 00001H
LOCAL_CHSET_JP	EQU 00000H
LOCAL_CHSET_KO	EQU 00002H
LOCAL_CHSET_US	EQU 00001H
LOCAL_CHSET_VAR_BR EQU 00001H
LOCAL_CHSET_VAR_NONE EQU 00000H
LOCAL_DATE_DMY	EQU 00020H
LOCAL_DATE_MDY	EQU 00010H
LOCAL_DATE_YMD	EQU 00000H
LOCAL_INT_50HZ	EQU 00080H
LOCAL_INT_60HZ	EQU 00000H
LOCAL_KBD_DE	EQU 00004H
LOCAL_KBD_FR	EQU 00002H
LOCAL_KBD_JP	EQU 00000H
LOCAL_KBD_UK	EQU 00003H
LOCAL_KBD_US	EQU 00001H
LOGOPR		EQU 0FB02H
LOHADR		EQU 0F94BH
LOHCNT		EQU 0F94DH
LOHDIR		EQU 0F94AH
LOHMSK		EQU 0F949H
LOWLIM		EQU 0FCA4H
LOW_		EQU 0F406H
LPTPOS		EQU 0F415H
L_OP		EQU 0F570H
MAP_REG1	EQU 000FCH
MAP_REG2	EQU 000FDH
MAP_REG3	EQU 000FEH
MAP_REG4	EQU 000FFH
MAXDEL		EQU 0F92FH
MAXFIL		EQU 0F85FH
MAXUPD		EQU 0F3ECH
MCLFLG		EQU 0F958H
MCLLEN		EQU 0FB3BH
MCLPTR		EQU 0FB3CH
MCLSEX		EQU 00024H
MCLSTX		EQU 00021H
MCLTAB		EQU 0F956H
MEMSIZ		EQU 0F672H
METREX		EQU 00000H
MINDEL		EQU 0F92DH
MINUPD		EQU 0F3EFH
MLTATR		EQU 0F3D7H
MLTCGP		EQU 0F3D5H
MLTCOL		EQU 0F3D3H
MLTNAM		EQU 0F3D1H
MLTPAT		EQU 0F3D9H
MODE		EQU 0FAFCH
MODEL_MSX1	EQU 00000H
MODEL_MSX2	EQU 00001H
MODEL_MSX2P	EQU 00002H
MODEL_MSXTR	EQU 00003H
MODEL_SUBROM	EQU 00004H
MOVCNT		EQU 0F951H
MUSICF		EQU 0FB3FH
NAMBAS		EQU 0F922H
NEWKEY		EQU 0FBE5H
NLONLY		EQU 0F87CH
NO		EQU 00000H
NOFUNS		EQU 0F7B7H
NOTELX		EQU 00010H
NTICSX		EQU 00008H
NTMSXP		EQU 0F417H
NULBUF		EQU 0F862H
NUM_DRIVES	EQU 00001H
NX		EQU 0F56AH
NY		EQU 0F56CH
OCTAVX		EQU 0000FH
OLDKEY		EQU 0FBDAH
OLDLIN		EQU 0F6BEH
OLDSCR		EQU 0FCB0H
OLDTXT		EQU 0F6C0H
ONEFLG		EQU 0F6BBH
ONELIN		EQU 0F6B9H
ONGSBF		EQU 0FBD8H
PADX		EQU 0FC9DH
PADY		EQU 0FC9CH
PARM1		EQU 0F6E8H
PARM2		EQU 0F750H
PATBAS		EQU 0F926H
PATWRK		EQU 0FC40H
PDIREC		EQU 0F953H
PLYCNT		EQU 0FB40H
PPI_REGS	EQU 000ABH
PRMDRV		EQU 0F74CH
PRMFLG		EQU 0F7B4H
PRMLEN		EQU 0F6E6H
PRMLN2		EQU 0F74EH
PRMSTK		EQU 0F6E4H
PRN_DATA	EQU 00091H
PRN_STAT	EQU 00090H
PROCNM		EQU 0FD89H
PRSCNT		EQU 0FB35H
PRTFLG		EQU 0F416H
PSG_DATA	EQU 000A1H
PSG_REGS	EQU 000A0H
PSG_STAT	EQU 000A2H
PSL_STAT	EQU 000A8H
PTRFIL		EQU 0F864H
PTRFLG		EQU 0F6A9H
PUTPNT		EQU 0F3F8H
QLENGX		EQU 00007H
QUEBAK		EQU 0F971H
QUETAB		EQU 0F959H
QUEUEN		EQU 0FB3EH
QUEUES		EQU 0F3F3H
RAM_PAGE0	EQU 0F341H
RAM_PAGE1	EQU 0F342H
RAM_PAGE2	EQU 0F343H
RAM_PAGE3	EQU 0F344H
RAWPRT		EQU 0F418H
REPCNT		EQU 0F3F7H
RG0SAV		EQU 0F3DFH
RG1SAV		EQU 0F3E0H
RG25SAV		EQU 0FFFAH
RG2SAV		EQU 0F3E1H
RG3SAV		EQU 0F3E2H
RG4SAV		EQU 0F3E3H
RG5SAV		EQU 0F3E4H
RG6SAV		EQU 0F3E5H
RG7SAV		EQU 0F3E6H
RG8SAV		EQU 0FFE7H
RNDX		EQU 0F857H
ROMA		EQU 0FAFAH
RS2IQ		EQU 0FAF5H
RTC_ADDR	EQU 000B4H
RTC_DATA	EQU 000B5H
RTPROG		EQU 0F955H
RTYCNT		EQU 0FC9AH
RUNBNF		EQU 0FCBEH
RUNFLG		EQU 0F866H
SAVEND		EQU 0F87DH
SAVENT		EQU 0FCBFH
SAVSP		EQU 0FB36H
SAVSTK		EQU 0F6B1H
SAVTXT		EQU 0F6AFH
SAVVOL		EQU 0FB39H
SCNCNT		EQU 0F3F6H
SCRMOD		EQU 0FCAFH
SKPCNT		EQU 0F94FH
SLTATR		EQU 0FCC9H
SLTTBL		EQU 0FCC5H
SLTWRK		EQU 0FD09H
SSL_REGS	EQU 0FFFFH
STATFL		EQU 0F3E7H
STKTOP		EQU 0F674H
STREND		EQU 0F6C6H
SUBFLG		EQU 0F6A5H
SWPTMP		EQU 0F7BCH
SX		EQU 0F562H
SY		EQU 0F564H
SYSFLAGS	EQU 000F4H
T32ATR		EQU 0F3C3H
T32CGP		EQU 0F3C1H
T32COL		EQU 0F3BFH
T32NAM		EQU 0F3BDH
T32PAT		EQU 0F3C5H
TEMP		EQU 0F6A7H
TEMP2		EQU 0F6BCH
TEMP3		EQU 0F69DH
TEMP8		EQU 0F69FH
TEMP9		EQU 0F7B8H
TEMPOX		EQU 00011H
TEMPPT		EQU 0F678H
TEMPST		EQU 0F67AH
TMS99X8		EQU 09918H
TONPRX		EQU 0000AH
TRCFLG		EQU 0F7C4H
TRGFLG		EQU 0F3E8H
TRPTBL		EQU 0FC4CH
TTYPOS		EQU 0F661H
TXTATR		EQU 0F3B9H
TXTCGP		EQU 0F3B7H
TXTCOL		EQU 0F3B5H
TXTNAM		EQU 0F3B3H
TXTPAT		EQU 0F3BBH
TXTTAB		EQU 0F676H
USRTAB		EQU 0F39AH
V9938		EQU 09938H
V9958		EQU 09958H
VALTYP		EQU 0F663H
VARTAB		EQU 0F6C2H
VCBA		EQU 0FB41H
VCBB		EQU 0FB66H
VCBC		EQU 0FB8BH
VCXLEN		EQU 00002H
VCXPTR		EQU 00003H
VCXSTP		EQU 00005H
VDP_ADDR	EQU 00099H
VDP_DATA	EQU 00098H
VDP_PALT	EQU 0009AH
VDP_REGS	EQU 0009BH
VDP_STAT	EQU 00099H
VLZADR		EQU 0F419H
VLZDAT		EQU 0F41BH
VOICAQ		EQU 0F975H
VOICBQ		EQU 0F9F5H
VOICCQ		EQU 0FA75H
VOICEN		EQU 0FB38H
VOLUMX		EQU 00012H
WINWID		EQU 0FCA5H
XSAVE		EQU 0FAFEH
YES		EQU 00001H
YSAVE		EQU 0FB00H
basic		EQU 04309H
basic_text	EQU 04314H
bdos		EQU 04383H
bdos_conout	EQU 0443EH
bdos_curdrv	EQU 04464H
bdos_dskrst	EQU 04460H
bdos_illfunc	EQU 04399H
bdos_print	EQU 043FFH
bdos_rdabs	EQU 04470H
bdos_rdabs_error EQU 0447FH
bdos_setdta	EQU 0446AH
bdos_strout	EQU 04453H
bdos_table	EQU 0439DH
bdos_text	EQU 04412H
bdos_verify	EQU 0446FH
boot		EQU 040C3H
boot_text	EQU 040E4H
calslt		EQU 0001CH
choice		EQU 04279H
choice_text	EQU 0427DH
chput		EQU 000A2H
dskchg		EQU 04229H
dskchg_text	EQU 04236H
dskfmt		EQU 042BAH
dskfmt_text	EQU 042C6H
dskio		EQU 040F3H
dskio_debug	EQU 041A0H
dskio_debug_write EQU 041B6H
dskio_done	EQU 07F00H
dskio_drive_ok	EQU 04100H
dskio_read_loop	EQU 04104H
dskio_text_1	EQU 041ECH
dskio_text_2	EQU 041FEH
dskio_text_3	EQU 04210H
dskio_text_4	EQU 04218H
dskio_text_5	EQU 0421FH
dskio_text_rd	EQU 041F3H
dskio_text_wr	EQU 041F8H
dskio_write	EQU 0419AH
dskslt		EQU 0437DH
dskstp		EQU 04356H
dskstp_text	EQU 04361H
enaslt		EQU 00024H
format		EQU 0432FH
format_text	EQU 0433AH
getdpb		EQU 04252H
getdpb_text	EQU 0425DH
init		EQU 04030H
init_sethook	EQU 040A0H
init_text	EQU 040ACH
load_sector	EQU 04113H
load_sector_page1 EQU 0413EH
load_sector_page1_high EQU 04164H
load_sector_skip EQU 0411CH
loc_ds		EQU 042E2H
loc_ds_text	EQU 042EDH
phydio		EQU 04380H
print_debug	EQU 04481H
print_debug_asciiz EQU 0448DH
print_debug_hexbyte EQU 044A5H
print_debug_hexnibble EQU 04495H
print_debug_hexnibble_letter EQU 044A0H
print_debug_hexword EQU 044B2H
resetdta	EQU 04467H
