ACPAGE		EQU 0FAF6H
AMPLTX		EQU 0000CH
ARG		EQU 0F847H
ARG_		EQU 0F56FH
ARYTA2		EQU 0F7B5H
ARYTAB		EQU 0F6C4H
ASPCT1		EQU 0F40BH
ASPCT2		EQU 0F40DH
ASPECT		EQU 0F931H
ATRBAS		EQU 0F928H
ATRBYT		EQU 0F3F2H
AUTFLG		EQU 0F6AAH
AUTINC		EQU 0F6ADH
AUTLIN		EQU 0F6ABH
AVCSAV		EQU 0FAF7H
BAKCLR		EQU 0F3EAH
BASROM		EQU 0FBB1H
BDRCLR		EQU 0F3EBH
BOTTOM		EQU 0FC48H
BRDATR		EQU 0FCB2H
BUF		EQU 0F55EH
BUFMIN		EQU 0F55DH
CALL_SUB	EQU 00000H
CAPST		EQU 0FCABH
CASPRV		EQU 0FCB1H
CDUMMY		EQU 0F56EH
CENCNT		EQU 0F933H
CGPBAS		EQU 0F924H
CGPNT		EQU 0F91FH
CHRCNT		EQU 0FAF9H
CLIKFL		EQU 0FBD9H
CLIKSW		EQU 0F3DBH
CLINEF		EQU 0F935H
CLMLST		EQU 0F3B2H
CLOC		EQU 0F92AH
CMASK		EQU 0F92CH
CNPNTS		EQU 0F936H
CNSDFG		EQU 0F3DEH
COMPILE_FONT	EQU 00001H
CONLO		EQU 0F66AH
CONSAV		EQU 0F668H
CONTXT		EQU 0F666H
CONTYP		EQU 0F669H
CPCNT		EQU 0F939H
CPCNT8		EQU 0F93BH
CPLOTF		EQU 0F938H
CRCSUM		EQU 0F93DH
CRTCNT		EQU 0F3B1H
CS120		EQU 0F3FCH
CS240		EQU 0F401H
CSAVEA		EQU 0F942H
CSAVEM		EQU 0F944H
CSCLXY		EQU 0F941H
CSRSW		EQU 0FCA9H
CSRX		EQU 0F3DDH
CSRY		EQU 0F3DCH
CSTCNT		EQU 0F93FH
CSTYLE		EQU 0FCAAH
CURLIN		EQU 0F41CH
CURSAV		EQU 0FBCCH
CXOFF		EQU 0F945H
CYOFF		EQU 0F947H
DAC		EQU 0F7F6H
DATLIN		EQU 0F6A3H
DATPTR		EQU 0F6C8H
DBG_CTRL	EQU 0002EH
DBG_DATA	EQU 0002FH
DECCNT		EQU 0F7F4H
DECTM2		EQU 0F7F2H
DECTMP		EQU 0F7F0H
DEFTBL		EQU 0F6CAH
DEVICE		EQU 0FD99H
DIMFLG		EQU 0F662H
DONUM		EQU 0F665H
DORES		EQU 0F664H
DOT		EQU 0F6B5H
DPPAGE		EQU 0FAF5H
DRVINF		EQU 0FB21H
DRWANG		EQU 0FCBDH
DRWFLG		EQU 0FCBBH
DSCTMP		EQU 0F698H
DX		EQU 0F566H
DY		EQU 0F568H
ENDBUF		EQU 0F660H
ENDFOR		EQU 0F6A1H
ENDPRG		EQU 0F40FH
ENSTOP		EQU 0FBB0H
ENVLPX		EQU 00013H
ENVPRX		EQU 0000DH
ERRFLG		EQU 0F414H
ERRLIN		EQU 0F6B3H
ERRTXT		EQU 0F6B7H
ESCCNT		EQU 0FCA7H
EXBRSA		EQU 0FAF8H
EXPTBL		EQU 0FCC1H
FBUFFR		EQU 0F7C5H
FILNAM		EQU 0F866H
FILNM2		EQU 0F871H
FILTAB		EQU 0F860H
FLBMEM		EQU 0FCAEH
FLKINP		EQU 0F6A6H
FNKFLG		EQU 0FBCEH
FNKSTR		EQU 0F87FH
FNKSWI		EQU 0FBCDH
FORCLR		EQU 0F3E9H
FRCNEW		EQU 0F3F5H
FRETOP		EQU 0F69BH
FSTPOS		EQU 0FBCAH
FUNACT		EQU 0F7BAH
GETPNT		EQU 0F3FAH
GIO_REGS	EQU 000AAH
GRPACX		EQU 0FCB7H
GRPACY		EQU 0FCB9H
GRPATR		EQU 0F3CDH
GRPCGP		EQU 0F3CBH
GRPCOL		EQU 0F3C9H
GRPHED		EQU 0FCA6H
GRPNAM		EQU 0F3C7H
GRPPAT		EQU 0F3CFH
GXPOS		EQU 0FCB3H
GYPOS		EQU 0FCB5H
G_LOF		EQU 0FE9EH
HEADER		EQU 0F40AH
HIGH_		EQU 0F408H
HIMEM		EQU 0FC4AH
HOLD		EQU 0F83EH
HOLD2		EQU 0F836H
HOLD8		EQU 0F806H
H_ATTR		EQU 0FE1CH
H_BAKU		EQU 0FEADH
H_BEXT		EQU 0FFCAH
H_BINL		EQU 0FE76H
H_BINS		EQU 0FE71H
H_BUFL		EQU 0FF8EH
H_CHGE		EQU 0FDC2H
H_CHPU		EQU 0FDA4H
H_CHRG		EQU 0FF48H
H_CLEA		EQU 0FED0H
H_CMD		EQU 0FE0DH
H_COMP		EQU 0FF57H
H_COPY		EQU 0FE08H
H_CRDO		EQU 0FEE9H
H_CRUN		EQU 0FF20H
H_CRUS		EQU 0FF25H
H_CVD		EQU 0FE49H
H_CVI		EQU 0FE3FH
H_CVS		EQU 0FE44H
H_DEVN		EQU 0FEC1H
H_DGET		EQU 0FE80H
H_DIRD		EQU 0FF11H
H_DSKC		EQU 0FEEEH
H_DSKF		EQU 0FE12H
H_DSKI		EQU 0FE17H
H_DSKO		EQU 0FDEFH
H_DSPC		EQU 0FDA9H
H_DSPF		EQU 0FDB3H
H_EOF		EQU 0FEA3H
H_ERAC		EQU 0FDAEH
H_ERAF		EQU 0FDB8H
H_ERRF		EQU 0FF02H
H_ERRO		EQU 0FFB1H
H_ERRP		EQU 0FEFDH
H_EVAL		EQU 0FF70H
H_FIEL		EQU 0FE2BH
H_FILE		EQU 0FE7BH
H_FILO		EQU 0FE85H
H_FINE		EQU 0FF1BH
H_FING		EQU 0FF7AH
H_FINI		EQU 0FF16H
H_FINP		EQU 0FF5CH
H_FORM		EQU 0FFACH
H_FPOS		EQU 0FEA8H
H_FRET		EQU 0FF9DH
H_FRME		EQU 0FF66H
H_FRQI		EQU 0FF93H
H_GEND		EQU 0FEC6H
H_GETP		EQU 0FE4EH
H_GONE		EQU 0FF43H
H_INDS		EQU 0FE8AH
H_INIP		EQU 0FDC7H
H_INLI		EQU 0FDE5H
H_IPL		EQU 0FE03H
H_ISFL		EQU 0FEDFH
H_ISMI		EQU 0FF7FH
H_ISRE		EQU 0FF2AH
H_KEYC		EQU 0FDCCH
H_KEYI		EQU 0FD9AH
H_KILL		EQU 0FDFEH
H_KYEA		EQU 0FDD1H
H_LIST		EQU 0FF89H
H_LOC		EQU 0FE99H
H_LOPD		EQU 0FED5H
H_LPTO		EQU 0FFB6H
H_LPTS		EQU 0FFBBH
H_LSET		EQU 0FE21H
H_MAIN		EQU 0FF0CH
H_MERG		EQU 0FE67H
H_MKDS		EQU 0FE3AH
H_MKIS		EQU 0FE30H
H_MKSS		EQU 0FE35H
H_NAME		EQU 0FDF9H
H_NEWS		EQU 0FF3EH
H_NMI		EQU 0FDD6H
H_NODE		EQU 0FEB7H
H_NOFO		EQU 0FE58H
H_NOTR		EQU 0FF34H
H_NTFL		EQU 0FE62H
H_NTFN		EQU 0FF2FH
H_NTPL		EQU 0FF6BH
H_NULO		EQU 0FE5DH
H_OKNO		EQU 0FF75H
H_ONGO		EQU 0FDEAH
H_OUTD		EQU 0FEE4H
H_PARD		EQU 0FEB2H
H_PHYD		EQU 0FFA7H
H_PINL		EQU 0FDDBH
H_PLAY		EQU 0FFC5H
H_POSD		EQU 0FEBCH
H_PRGE		EQU 0FEF8H
H_PRTF		EQU 0FF52H
H_PTRG		EQU 0FFA2H
H_QINL		EQU 0FDE0H
H_READ		EQU 0FF07H
H_RETU		EQU 0FF4DH
H_RSET		EQU 0FE26H
H_RSLF		EQU 0FE8FH
H_RUNC		EQU 0FECBH
H_SAVD		EQU 0FE94H
H_SAVE		EQU 0FE6CH
H_SCNE		EQU 0FF98H
H_SCRE		EQU 0FFC0H
H_SETF		EQU 0FE53H
H_SETS		EQU 0FDF4H
H_SNGF		EQU 0FF39H
H_STKE		EQU 0FEDAH
H_TIMI		EQU 0FD9FH
H_TOTE		EQU 0FDBDH
H_TRMN		EQU 0FF61H
H_WIDT		EQU 0FF84H
INSFLG		EQU 0FCA8H
INTCNT		EQU 0FCA2H
INTFLG		EQU 0FC9BH
INTVAL		EQU 0FCA0H
JIFFY		EQU 0FC9EH
KANAMD		EQU 0FCADH
KANAST		EQU 0FCACH
KBD_STAT	EQU 000A9H
KBFMIN		EQU 0F41EH
KBUF		EQU 0F41FH
KEYBUF		EQU 0FBF0H
LFPROG		EQU 0F954H
LIMPNT		EQU 0FC17H
LINL32		EQU 0F3AFH
LINL40		EQU 0F3AEH
LINLEN		EQU 0F3B0H
LINTTB		EQU 0FBB2H
LINWRK		EQU 0FC18H
LOCAL_BASIC_JP	EQU 00000H
LOCAL_BASIC_US	EQU 00001H
LOCAL_CHSET_JP	EQU 00000H
LOCAL_CHSET_KO	EQU 00002H
LOCAL_CHSET_US	EQU 00001H
LOCAL_CHSET_VAR_BR EQU 00001H
LOCAL_CHSET_VAR_NONE EQU 00000H
LOCAL_DATE_DMY	EQU 00020H
LOCAL_DATE_MDY	EQU 00010H
LOCAL_DATE_YMD	EQU 00000H
LOCAL_INT_50HZ	EQU 00080H
LOCAL_INT_60HZ	EQU 00000H
LOCAL_KBD_DE	EQU 00004H
LOCAL_KBD_FR	EQU 00002H
LOCAL_KBD_JP	EQU 00000H
LOCAL_KBD_UK	EQU 00003H
LOCAL_KBD_US	EQU 00001H
LOGOPR		EQU 0FB02H
LOHADR		EQU 0F94BH
LOHCNT		EQU 0F94DH
LOHDIR		EQU 0F94AH
LOHMSK		EQU 0F949H
LOWLIM		EQU 0FCA4H
LOW_		EQU 0F406H
LPTPOS		EQU 0F415H
L_OP		EQU 0F570H
MAP_REG1	EQU 000FCH
MAP_REG2	EQU 000FDH
MAP_REG3	EQU 000FEH
MAP_REG4	EQU 000FFH
MAXDEL		EQU 0F92FH
MAXFIL		EQU 0F85FH
MAXUPD		EQU 0F3ECH
MCLFLG		EQU 0F958H
MCLLEN		EQU 0FB3BH
MCLPTR		EQU 0FB3CH
MCLSEX		EQU 00024H
MCLSTX		EQU 00021H
MCLTAB		EQU 0F956H
MEMSIZ		EQU 0F672H
METREX		EQU 00000H
MINDEL		EQU 0F92DH
MINUPD		EQU 0F3EFH
MLTATR		EQU 0F3D7H
MLTCGP		EQU 0F3D5H
MLTCOL		EQU 0F3D3H
MLTNAM		EQU 0F3D1H
MLTPAT		EQU 0F3D9H
MODE		EQU 0FAFCH
MODEL_MSX	EQU 00004H
MODEL_MSX1	EQU 00000H
MODEL_MSX2	EQU 00001H
MODEL_MSX2P	EQU 00002H
MODEL_MSXTR	EQU 00003H
MODEL_SUBROM	EQU 00004H
MOVCNT		EQU 0F951H
MUSICF		EQU 0FB3FH
NAMBAS		EQU 0F922H
NEWKEY		EQU 0FBE5H
NLONLY		EQU 0F87CH
NO		EQU 00000H
NOFUNS		EQU 0F7B7H
NOTELX		EQU 00010H
NTICSX		EQU 00008H
NTMSXP		EQU 0F417H
NULBUF		EQU 0F862H
NX		EQU 0F56AH
NY		EQU 0F56CH
OCTAVX		EQU 0000FH
OLDKEY		EQU 0FBDAH
OLDLIN		EQU 0F6BEH
OLDSCR		EQU 0FCB0H
OLDTXT		EQU 0F6C0H
ONEFLG		EQU 0F6BBH
ONELIN		EQU 0F6B9H
ONGSBF		EQU 0FBD8H
PADX		EQU 0FC9DH
PADY		EQU 0FC9CH
PARM1		EQU 0F6E8H
PARM2		EQU 0F750H
PATBAS		EQU 0F926H
PATWRK		EQU 0FC40H
PDIREC		EQU 0F953H
PLYCNT		EQU 0FB40H
PPI_REGS	EQU 000ABH
PRMDRV		EQU 0F74CH
PRMFLG		EQU 0F7B4H
PRMLEN		EQU 0F6E6H
PRMLN2		EQU 0F74EH
PRMSTK		EQU 0F6E4H
PRN_DATA	EQU 00091H
PRN_STAT	EQU 00090H
PROCNM		EQU 0FD89H
PRSCNT		EQU 0FB35H
PRTFLG		EQU 0F416H
PSG_DATA	EQU 000A1H
PSG_REGS	EQU 000A0H
PSG_STAT	EQU 000A2H
PSL_STAT	EQU 000A8H
PTRFIL		EQU 0F864H
PTRFLG		EQU 0F6A9H
PUTPNT		EQU 0F3F8H
QLENGX		EQU 00007H
QUEBAK		EQU 0F971H
QUETAB		EQU 0F959H
QUEUEN		EQU 0FB3EH
QUEUES		EQU 0F3F3H
RAWPRT		EQU 0F418H
REPCNT		EQU 0F3F7H
RG0SAV		EQU 0F3DFH
RG1SAV		EQU 0F3E0H
RG25SAV		EQU 0FFFAH
RG2SAV		EQU 0F3E1H
RG3SAV		EQU 0F3E2H
RG4SAV		EQU 0F3E3H
RG5SAV		EQU 0F3E4H
RG6SAV		EQU 0F3E5H
RG7SAV		EQU 0F3E6H
RG8SAV		EQU 0FFE7H
RNDX		EQU 0F857H
ROMA		EQU 0FAFAH
RS2IQ		EQU 0FAF5H
RTC_ADDR	EQU 000B4H
RTC_DATA	EQU 000B5H
RTPROG		EQU 0F955H
RTYCNT		EQU 0FC9AH
RUNBNF		EQU 0FCBEH
RUNFLG		EQU 0F866H
SAVEND		EQU 0F87DH
SAVENT		EQU 0FCBFH
SAVSP		EQU 0FB36H
SAVSTK		EQU 0F6B1H
SAVTXT		EQU 0F6AFH
SAVVOL		EQU 0FB39H
SCNCNT		EQU 0F3F6H
SCRMOD		EQU 0FCAFH
SKPCNT		EQU 0F94FH
SLTATR		EQU 0FCC9H
SLTTBL		EQU 0FCC5H
SLTWRK		EQU 0FD09H
SSL_REGS	EQU 0FFFFH
STATFL		EQU 0F3E7H
STKTOP		EQU 0F674H
STREND		EQU 0F6C6H
SUBFLG		EQU 0F6A5H
SWPTMP		EQU 0F7BCH
SX		EQU 0F562H
SY		EQU 0F564H
SYSFLAGS	EQU 000F4H
T32ATR		EQU 0F3C3H
T32CGP		EQU 0F3C1H
T32COL		EQU 0F3BFH
T32NAM		EQU 0F3BDH
T32PAT		EQU 0F3C5H
TEMP		EQU 0F6A7H
TEMP2		EQU 0F6BCH
TEMP3		EQU 0F69DH
TEMP8		EQU 0F69FH
TEMP9		EQU 0F7B8H
TEMPOX		EQU 00011H
TEMPPT		EQU 0F678H
TEMPST		EQU 0F67AH
TMS99X8		EQU 09918H
TONPRX		EQU 0000AH
TRCFLG		EQU 0F7C4H
TRGFLG		EQU 0F3E8H
TRPTBL		EQU 0FC4CH
TTYPOS		EQU 0F661H
TXTATR		EQU 0F3B9H
TXTCGP		EQU 0F3B7H
TXTCOL		EQU 0F3B5H
TXTNAM		EQU 0F3B3H
TXTPAT		EQU 0F3BBH
TXTTAB		EQU 0F676H
USRTAB		EQU 0F39AH
V9938		EQU 09938H
V9958		EQU 09958H
VALTYP		EQU 0F663H
VARTAB		EQU 0F6C2H
VCBA		EQU 0FB41H
VCBB		EQU 0FB66H
VCBC		EQU 0FB8BH
VCXLEN		EQU 00002H
VCXPTR		EQU 00003H
VCXSTP		EQU 00005H
VDP		EQU 09938H
VDP_ADDR	EQU 00099H
VDP_DATA	EQU 00098H
VDP_PALT	EQU 0009AH
VDP_REGS	EQU 0009BH
VDP_STAT	EQU 00099H
VLZADR		EQU 0F419H
VLZDAT		EQU 0F41BH
VOICAQ		EQU 0F975H
VOICBQ		EQU 0F9F5H
VOICCQ		EQU 0FA75H
VOICEN		EQU 0FB38H
VOLUMX		EQU 00012H
WINWID		EQU 0FCA5H
XSAVE		EQU 0FAFEH
YES		EQU 00001H
YSAVE		EQU 0FB00H
beep		EQU 0117CH
beep_text	EQU 01187H
bigfil		EQU 00969H
bigfil_lp	EQU 00975H
blt_clip	EQU 011DCH
blt_clip_x	EQU 011F5H
bltdm		EQU 01325H
bltdm_text	EQU 01330H
bltdv		EQU 01303H
bltdv_text	EQU 0130EH
bltmd		EQU 01314H
bltmd_text	EQU 0131FH
bltmv		EQU 01292H
bltmv_bit	EQU 012DEH
bltmv_byte	EQU 012C7H
bltmv_cont	EQU 012BAH
bltmv_do	EQU 012D7H
bltmv_end	EQU 012EEH
bltmv_pixel	EQU 012CAH
bltvd		EQU 012F2H
bltvd_text	EQU 012FDH
bltvm		EQU 0121CH
bltvm_1stcol	EQU 01247H
bltvm_byte	EQU 0127BH
bltvm_cont	EQU 01244H
bltvm_loop	EQU 0126BH
bltvm_next	EQU 0128DH
bltvm_pixel	EQU 0127EH
bltvv		EQU 01203H
calatr		EQU 0081BH
calpat		EQU 00808H
calpat_8	EQU 00815H
calslt		EQU 002C5H
calslt_restore	EQU 002F8H
calslt_sh1	EQU 002E4H
calslt_sh2	EQU 002EBH
cclr_lp		EQU 00552H
chg_psl		EQU 00367H
chgclr		EQU 0051CH
chgclr_sc8	EQU 0055DH
chgmdp		EQU 01348H
chgmod		EQU 004B3H
chgmod_finish	EQU 004CEH
chgmod_finish_lines_212 EQU 004DCH
chgmod_finish_lines_end EQU 004DEH
chgmod_finish_lp EQU 004EFH
chgmod_tbl	EQU 004BCH
chknew		EQU 00963H
cl_jp		EQU 0F398H
clprim		EQU 0F38CH
clrspr		EQU 00566H
clrspr_attr	EQU 00590H
clrspr_attr_8	EQU 005BEH
clrspr_attr_lp	EQU 005ABH
clrspr_attr_spritemode1 EQU 0059BH
clrspr_attr_spritemode2 EQU 00597H
clrspr_attr_spritemode_start EQU 0059DH
clrspr_col_skip	EQU 00585H
clrtxt		EQU 0104DH
clrtxt_text	EQU 0105AH
cls		EQU 00C6EH
cls_bitmap	EQU 00D20H
cls_screen0	EQU 00C8FH
cls_screen1	EQU 00C9EH
cls_screen2	EQU 00CBDH
cls_screen3	EQU 00CD3H
cls_screen5	EQU 00CE7H
cls_screen6	EQU 00CF7H
cls_screen7	EQU 00D0AH
cls_screen8	EQU 00D1AH
cls_table	EQU 00C7DH
cls_text	EQU 00CA1H
cls_wrtvdp	EQU 00D62H
cls_wrtvdp_hl	EQU 00D5CH
cls_z		EQU 00C6DH
disscr		EQU 003E7H
dogrph		EQU 00EF2H
dogrph_text	EQU 00EFDH
downc		EQU 00DD9H
downc_text	EQU 00DE4H
enascr		EQU 003F3H
enaslt		EQU 00304H
exec_cmd	EQU 011C2H
exec_line	EQU 00FFDH
fetchc		EQU 00E47H
fetchc_text	EQU 00E4EH
filvrm		EQU 00456H
filvrm_cont	EQU 00466H
filvrm_lp	EQU 0046DH
filvrm_new	EQU 00463H
getpat		EQU 00D75H
getpat_loop	EQU 00D85H
getplt		EQU 010EFH
grpprt		EQU 00830H
grpprt_attr	EQU 008E1H
grpprt_attr_black EQU 0090DH
grpprt_attr_blk_end EQU 0090EH
grpprt_attr_end	EQU 00908H
grpprt_attr_make_black EQU 0092BH
grpprt_attr_nomatch EQU 00914H
grpprt_chr	EQU 00934H
grpprt_chr_x	EQU 008ABH
grpprt_control	EQU 00842H
grpprt_end	EQU 00840H
grpprt_init	EQU 00F3CH
grpprt_loop	EQU 00F5BH
grpprt_lp	EQU 0093CH
grpprt_out	EQU 00F65H
grpprt_sc2	EQU 0085EH
grpprt_sc5	EQU 0085CH
grpprt_sft_ed	EQU 0094BH
grpprt_sft_lp	EQU 00945H
grpprt_skip_hr	EQU 008D8H
grpprt_sub	EQU 00F04H
grpprt_text	EQU 0095CH
gspsiz		EQU 00825H
gtaspc		EQU 00EACH
gtaspc_text	EQU 00EB7H
inigrp		EQU 00660H
inigrp_lp	EQU 00678H
inimlt		EQU 006A5H
inimlt_loop1	EQU 006BDH
inimlt_loop2	EQU 006C0H
inimlt_loop3	EQU 006C3H
iniplt		EQU 010BCH
iniplt_loop	EQU 010CEH
init32		EQU 00616H
init_font	EQU 00A5CH
init_sc4	EQU 00A73H
init_sc4_lp	EQU 00A8BH
init_sc5	EQU 00AFDH
init_sc6	EQU 00B5BH
init_sc7	EQU 00BB7H
init_sc8	EQU 00C13H
init_vdp	EQU 009E6H
initxt		EQU 005C5H
initxt_width40	EQU 005F8H
jump_table	EQU 00200H
knjprt		EQU 0134FH
knjprt_text	EQU 0135AH
ldirmv		EQU 00475H
ldirmv_cont	EQU 00484H
ldirmv_lp	EQU 0048DH
ldirmv_new	EQU 00481H
ldirvm		EQU 00494H
ldirvm_cont	EQU 004A4H
ldirvm_lp	EQU 004ACH
ldirvm_new	EQU 004A1H
leftc		EQU 00DA9H
leftc_text	EQU 00DB4H
m_cl_jp		EQU 003E4H
m_clprim	EQU 003D8H
m_prim_end	EQU 003E6H
m_rdprim	EQU 003CCH
m_wrprim	EQU 003D1H
m_wrprm1	EQU 003D4H
mapxy		EQU 00E0CH
mapxy_mask_ed	EQU 00E35H
mapxy_mask_lp	EQU 00E2EH
mapxy_text	EQU 00E41H
mapxyc		EQU 00F73H
mapxyc_text	EQU 00F7EH
newpad		EQU 01336H
newpad_text	EQU 01341H
nrdvrm		EQU 009C4H
nset_32k	EQU 009AAH
nset_addr	EQU 00994H
nsetcx		EQU 00E9AH
nsetcx_text	EQU 00EA5H
nsetrd		EQU 0097EH
nsetwr		EQU 00988H
nvbxfl		EQU 0100BH
nvbxfl_ltx	EQU 0102AH
nvbxfl_lty	EQU 01012H
nvbxln		EQU 00FA9H
nwrvrm		EQU 009CAH
page_msk_lp	EQU 0031CH
palette_vram	EQU 01127H
palette_vram_init EQU 0115CH
palette_vram_table EQU 01148H
palette_width	EQU 0113EH
pntini		EQU 00EBEH
pntini_text	EQU 00EC9H
print_debug	EQU 00216H
print_debug_asciiz EQU 00222H
print_debug_hexbyte EQU 0023AH
print_debug_hexnibble EQU 0022AH
print_debug_hexnibble_letter EQU 00235H
print_debug_hexword EQU 00247H
prompt		EQU 0118CH
prompt_text	EQU 01197H
psl_dup_lp	EQU 0030CH
rdprim		EQU 0F380H
rdsft		EQU 00289H
rdsft_lp	EQU 0028CH
rdslt		EQU 00250H
rdvrm		EQU 00422H
readc		EQU 00E79H
readc_text	EQU 00E84H
redclk		EQU 01361H
restore_subslot	EQU 003ABH
rightc		EQU 00D97H
rightc_text	EQU 00DA2H
rstplt		EQU 010D8H
rstplt_loop	EQU 010E8H
sc4atr		EQU 00AFBH
scalxy		EQU 00DFCH
scalxy_text	EQU 00E05H
scanl		EQU 00EE1H
scanl_text	EQU 00EECH
scanr		EQU 00ED0H
scanr_text	EQU 00EDBH
sdfscr		EQU 0119EH
sdfscr_text	EQU 011A9H
search_table	EQU 00208H
select_subslot	EQU 0036FH
select_subslot_lp EQU 00387H
select_subslot_next EQU 00389H
set_base_address EQU 007E3H
set_base_address_loop EQU 007F1H
set_base_address_table EQU 00801H
setatr		EQU 00E67H
setatr_text	EQU 00E72H
setc		EQU 00E8AH
setc_text	EQU 00E95H
setgrp		EQU 0077FH
setmlt		EQU 007B2H
setpag		EQU 01061H
setpag_skip_setrg6 EQU 01094H
setpag_skip_shift EQU 010A1H
setplt		EQU 01105H
setrd		EQU 00430H
setscr		EQU 011B0H
setscr_text	EQU 011BBH
sett32		EQU 00750H
settxt		EQU 006F8H
settxt80	EQU 00727H
setwrt		EQU 00442H
ssl_dup_lp	EQU 00336H
storec		EQU 00E55H
storec_text	EQU 00E60H
table_jump	EQU 00211H
tdownc		EQU 00DEAH
tdownc_text	EQU 00DF5H
tleftc		EQU 00F97H
tleftc_text	EQU 00FA2H
tright		EQU 00F85H
tright_text	EQU 00F90H
tupc		EQU 00DC9H
tupc_text	EQU 00DD4H
upc		EQU 00DBAH
upc_text	EQU 00DC5H
vdpsta		EQU 009D2H
wait_ce		EQU 00D6CH
wrprim		EQU 0F385H
wrslt		EQU 00291H
wrtclk		EQU 0137EH
wrtvdp		EQU 003FFH
wrtvdp_nosav	EQU 00420H
wrtvdp_sav	EQU 0041BH
wrtvrm		EQU 00428H
